<?xml version="1.0" encoding="UTF-8"?>
<!-- Generated by org.testng.reporters.JUnitReportReporter -->
<testsuite skipped="0" hostname="Administrator" name="com.tm.TestCases.TestCases_Leave" tests="2" failures="0" timestamp="29 Apr 2020 06:19:38 GMT" time="96.182" errors="0">
  <testcase name="TC101_verifyLoginFunctionality" time="39.349" classname="com.tm.TestCases.TestCases_Leave"/>
  <testcase name="TC102_ApplyLeave" time="56.833" classname="com.tm.TestCases.TestCases_Leave"/>
</testsuite> <!-- com.tm.TestCases.TestCases_Leave -->
